Determining if the pthread_create exist failed with the following output:
Change Dir: /lore/chanda5/phasta/build/CMakeFiles/CMakeTmp

Run Build Command:"/usr/local/bin/gmake" "cmTryCompileExec2823347338/fast"
/usr/local/bin/gmake -f CMakeFiles/cmTryCompileExec2823347338.dir/build.make CMakeFiles/cmTryCompileExec2823347338.dir/build
gmake[1]: Entering directory `/lore/chanda5/phasta/build/CMakeFiles/CMakeTmp'
/usr/local/cmake/3.0.0/bin/cmake -E cmake_progress_report /lore/chanda5/phasta/build/CMakeFiles/CMakeTmp/CMakeFiles 1
Building C object CMakeFiles/cmTryCompileExec2823347338.dir/CheckSymbolExists.c.o
/usr/local/gcc/4.9.2/bin/gcc    -o CMakeFiles/cmTryCompileExec2823347338.dir/CheckSymbolExists.c.o   -c /lore/chanda5/phasta/build/CMakeFiles/CMakeTmp/CheckSymbolExists.c
Linking C executable cmTryCompileExec2823347338
/usr/local/cmake/3.0.0/bin/cmake -E cmake_link_script CMakeFiles/cmTryCompileExec2823347338.dir/link.txt --verbose=1
/usr/local/gcc/4.9.2/bin/gcc       CMakeFiles/cmTryCompileExec2823347338.dir/CheckSymbolExists.c.o  -o cmTryCompileExec2823347338 -rdynamic 
CMakeFiles/cmTryCompileExec2823347338.dir/CheckSymbolExists.c.o: In function `main':
CheckSymbolExists.c:(.text+0x16): undefined reference to `pthread_create'
collect2: error: ld returned 1 exit status
gmake[1]: *** [cmTryCompileExec2823347338] Error 1
gmake[1]: Leaving directory `/lore/chanda5/phasta/build/CMakeFiles/CMakeTmp'
gmake: *** [cmTryCompileExec2823347338/fast] Error 2

File /lore/chanda5/phasta/build/CMakeFiles/CMakeTmp/CheckSymbolExists.c:
/* */
#include <pthread.h>

int main(int argc, char** argv)
{
  (void)argv;
#ifndef pthread_create
  return ((int*)(&pthread_create))[argc];
#else
  (void)argc;
  return 0;
#endif
}

Determining if the function pthread_create exists in the pthreads failed with the following output:
Change Dir: /lore/chanda5/phasta/build/CMakeFiles/CMakeTmp

Run Build Command:"/usr/local/bin/gmake" "cmTryCompileExec2588624141/fast"
/usr/local/bin/gmake -f CMakeFiles/cmTryCompileExec2588624141.dir/build.make CMakeFiles/cmTryCompileExec2588624141.dir/build
gmake[1]: Entering directory `/lore/chanda5/phasta/build/CMakeFiles/CMakeTmp'
/usr/local/cmake/3.0.0/bin/cmake -E cmake_progress_report /lore/chanda5/phasta/build/CMakeFiles/CMakeTmp/CMakeFiles 1
Building C object CMakeFiles/cmTryCompileExec2588624141.dir/CheckFunctionExists.c.o
/usr/local/gcc/4.9.2/bin/gcc   -DCHECK_FUNCTION_EXISTS=pthread_create   -o CMakeFiles/cmTryCompileExec2588624141.dir/CheckFunctionExists.c.o   -c /usr/local/cmake/3.0.0/share/cmake-3.0/Modules/CheckFunctionExists.c
Linking C executable cmTryCompileExec2588624141
/usr/local/cmake/3.0.0/bin/cmake -E cmake_link_script CMakeFiles/cmTryCompileExec2588624141.dir/link.txt --verbose=1
/usr/local/gcc/4.9.2/bin/gcc   -DCHECK_FUNCTION_EXISTS=pthread_create    CMakeFiles/cmTryCompileExec2588624141.dir/CheckFunctionExists.c.o  -o cmTryCompileExec2588624141 -rdynamic -lpthreads 
/usr/bin/ld: cannot find -lpthreads
collect2: error: ld returned 1 exit status
gmake[1]: *** [cmTryCompileExec2588624141] Error 1
gmake[1]: Leaving directory `/lore/chanda5/phasta/build/CMakeFiles/CMakeTmp'
gmake: *** [cmTryCompileExec2588624141/fast] Error 2


